# JRE version: 7.0_07-b11
# Java VM: Java HotSpot(TM) Client VM (23.3-b01 mixed mode windows-x86 )
Heap
 def new generation   total 29888K, used 22329K [0x044d0000, 0x06530000, 0x0ef70000)
  eden space 26624K,  71% used [0x044d0000, 0x0576e6c8, 0x05ed0000)
  from space 3264K, 100% used [0x05ed0000, 0x06200000, 0x06200000)
  to   space 3264K,   0% used [0x06200000, 0x06200000, 0x06530000)
 tenured generation   total 66208K, used 42083K [0x0ef70000, 0x13018000, 0x244d0000)
   the space 66208K,  63% used [0x0ef70000, 0x11888c38, 0x11888e00, 0x13018000)
 compacting perm gen  total 15616K, used 15391K [0x244d0000, 0x25410000, 0x284d0000)
   the space 15616K,  98% used [0x244d0000, 0x253d7d40, 0x253d7e00, 0x25410000)
GC Heap History (10 events):
Event: 2.781 GC heap before
{Heap before GC invocations=15 (full 2):
 def new generation   total 17856K, used 17856K [0x044d0000, 0x05830000, 0x0ef70000)
  eden space 15872K, 100% used [0x044d0000, 0x05450000, 0x05450000)
  from space 1984K, 100% used [0x05640000, 0x05830000, 0x05830000)
  to   space 1984K,   0% used [0x05450000, 0x05450000, 0x05640000)
 tenured generation   total 39596K, used 36282K [0x0ef70000, 0x1161b000, 0x244d0000)
   the space 39596K,  91% used [0x0ef70000, 0x112de820, 0x112dea00, 0x1161b000)
 compacting perm gen  total 12288K, used 11315K [0x244d0000, 0x250d0000, 0x284d0000)
   the space 12288K,  92% used [0x244d0000, 0x24fdce80, 0x24fdd000, 0x250d0000)
No shared spaces configured.
Event: 2.792 GC heap after
Heap after GC invocations=16 (full 2):
 def new generation   total 17856K, used 1983K [0x044d0000, 0x05830000, 0x0ef70000)
  eden space 15872K,   0% used [0x044d0000, 0x044d0000, 0x05450000)
  from space 1984K,  99% used [0x05450000, 0x0563fff8, 0x05640000)
  to   space 1984K,   0% used [0x05640000, 0x05640000, 0x05830000)
 tenured generation   total 39596K, used 37942K [0x0ef70000, 0x1161b000, 0x244d0000)
   the space 39596K,  95% used [0x0ef70000, 0x1147d928, 0x1147da00, 0x1161b000)
 compacting perm gen  total 12288K, used 11315K [0x244d0000, 0x250d0000, 0x284d0000)
   the space 12288K,  92% used [0x244d0000, 0x24fdce80, 0x24fdd000, 0x250d0000)
No shared spaces configured.
}
Event: 3.057 GC heap before
{Heap before GC invocations=16 (full 2):
 def new generation   total 17856K, used 17855K [0x044d0000, 0x05830000, 0x0ef70000)
  eden space 15872K, 100% used [0x044d0000, 0x05450000, 0x05450000)
  from space 1984K,  99% used [0x05450000, 0x0563fff8, 0x05640000)
  to   space 1984K,   0% used [0x05640000, 0x05640000, 0x05830000)
 tenured generation   total 39596K, used 37942K [0x0ef70000, 0x1161b000, 0x244d0000)
   the space 39596K,  95% used [0x0ef70000, 0x1147d928, 0x1147da00, 0x1161b000)
 compacting perm gen  total 12288K, used 11586K [0x244d0000, 0x250d0000, 0x284d0000)
   the space 12288K,  94% used [0x244d0000, 0x25020960, 0x25020a00, 0x250d0000)
No shared spaces configured.
Event: 3.065 GC heap after
Heap after GC invocations=17 (full 2):
 def new generation   total 17856K, used 855K [0x044d0000, 0x05830000, 0x0ef70000)
  eden space 15872K,   0% used [0x044d0000, 0x044d0000, 0x05450000)
  from space 1984K,  43% used [0x05640000, 0x05715e28, 0x05830000)
  to   space 1984K,   0% used [0x05450000, 0x05450000, 0x05640000)
 tenured generation   total 39596K, used 38673K [0x0ef70000, 0x1161b000, 0x244d0000)
   the space 39596K,  97% used [0x0ef70000, 0x115347b8, 0x11534800, 0x1161b000)
 compacting perm gen  total 12288K, used 11586K [0x244d0000, 0x250d0000, 0x284d0000)
   the space 12288K,  94% used [0x244d0000, 0x25020960, 0x25020a00, 0x250d0000)
No shared spaces configured.
}
Event: 3.358 GC heap before
{Heap before GC invocations=17 (full 2):
 def new generation   total 17856K, used 16727K [0x044d0000, 0x05830000, 0x0ef70000)
  eden space 15872K, 100% used [0x044d0000, 0x05450000, 0x05450000)
  from space 1984K,  43% used [0x05640000, 0x05715e28, 0x05830000)
  to   space 1984K,   0% used [0x05450000, 0x05450000, 0x05640000)
 tenured generation   total 39596K, used 38673K [0x0ef70000, 0x1161b000, 0x244d0000)
   the space 39596K,  97% used [0x0ef70000, 0x115347b8, 0x11534800, 0x1161b000)
 compacting perm gen  total 12288K, used 11620K [0x244d0000, 0x250d0000, 0x284d0000)
   the space 12288K,  94% used [0x244d0000, 0x25029048, 0x25029200, 0x250d0000)
No shared spaces configured.
Event: 3.523 GC heap after
Heap after GC invocations=18 (full 3):
 def new generation   total 29888K, used 188K [0x044d0000, 0x06530000, 0x0ef70000)
  eden space 26624K,   0% used [0x044d0000, 0x044ff120, 0x05ed0000)
  from space 3264K,   0% used [0x05ed0000, 0x05ed0000, 0x06200000)
  to   space 3264K,   0% used [0x06200000, 0x06200000, 0x06530000)
 tenured generation   total 66208K, used 39723K [0x0ef70000, 0x13018000, 0x244d0000)
   the space 66208K,  59% used [0x0ef70000, 0x1163afd8, 0x1163b000, 0x13018000)
 compacting perm gen  total 12288K, used 11620K [0x244d0000, 0x250d0000, 0x284d0000)
   the space 12288K,  94% used [0x244d0000, 0x25029048, 0x25029200, 0x250d0000)
No shared spaces configured.
}
Event: 3.878 GC heap before
{Heap before GC invocations=18 (full 3):
 def new generation   total 29888K, used 26624K [0x044d0000, 0x06530000, 0x0ef70000)
  eden space 26624K, 100% used [0x044d0000, 0x05ed0000, 0x05ed0000)
  from space 3264K,   0% used [0x05ed0000, 0x05ed0000, 0x06200000)
  to   space 3264K,   0% used [0x06200000, 0x06200000, 0x06530000)
 tenured generation   total 66208K, used 39723K [0x0ef70000, 0x13018000, 0x244d0000)
   the space 66208K,  59% used [0x0ef70000, 0x1163afd8, 0x1163b000, 0x13018000)
 compacting perm gen  total 12288K, used 12283K [0x244d0000, 0x250d0000, 0x284d0000)
   the space 12288K,  99% used [0x244d0000, 0x250ceda0, 0x250cee00, 0x250d0000)
No shared spaces configured.
Event: 3.924 GC heap after
Heap after GC invocations=19 (full 3):
 def new generation   total 29888K, used 3187K [0x044d0000, 0x06530000, 0x0ef70000)
  eden space 26624K,   0% used [0x044d0000, 0x044d0000, 0x05ed0000)
  from space 3264K,  97% used [0x06200000, 0x0651cf38, 0x06530000)
  to   space 3264K,   0% used [0x05ed0000, 0x05ed0000, 0x06200000)
 tenured generation   total 66208K, used 39723K [0x0ef70000, 0x13018000, 0x244d0000)
   the space 66208K,  59% used [0x0ef70000, 0x1163afd8, 0x1163b000, 0x13018000)
 compacting perm gen  total 12288K, used 12283K [0x244d0000, 0x250d0000, 0x284d0000)
   the space 12288K,  99% used [0x244d0000, 0x250ceda0, 0x250cee00, 0x250d0000)
No shared spaces configured.
}
Event: 9.949 GC heap before
{Heap before GC invocations=19 (full 3):
 def new generation   total 29888K, used 29811K [0x044d0000, 0x06530000, 0x0ef70000)
  eden space 26624K, 100% used [0x044d0000, 0x05ed0000, 0x05ed0000)
  from space 3264K,  97% used [0x06200000, 0x0651cf38, 0x06530000)
  to   space 3264K,   0% used [0x05ed0000, 0x05ed0000, 0x06200000)
 tenured generation   total 66208K, used 39723K [0x0ef70000, 0x13018000, 0x244d0000)
   the space 66208K,  59% used [0x0ef70000, 0x1163afd8, 0x1163b000, 0x13018000)
 compacting perm gen  total 14848K, used 14657K [0x244d0000, 0x25350000, 0x284d0000)
   the space 14848K,  98% used [0x244d0000, 0x253204d8, 0x25320600, 0x25350000)
No shared spaces configured.
Event: 9.970 GC heap after
Heap after GC invocations=20 (full 3):
 def new generation   total 29888K, used 3264K [0x044d0000, 0x06530000, 0x0ef70000)
  eden space 26624K,   0% used [0x044d0000, 0x044d0000, 0x05ed0000)
  from space 3264K, 100% used [0x05ed0000, 0x06200000, 0x06200000)
  to   space 3264K,   0% used [0x06200000, 0x06200000, 0x06530000)
 tenured generation   total 66208K, used 42083K [0x0ef70000, 0x13018000, 0x244d0000)
   the space 66208K,  63% used [0x0ef70000, 0x11888c38, 0x11888e00, 0x13018000)
 compacting perm gen  total 14848K, used 14657K [0x244d0000, 0x25350000, 0x284d0000)
   the space 14848K,  98% used [0x244d0000, 0x253204d8, 0x25320600, 0x25350000)
No shared spaces configured.
}

