# JRE version: 7.0_07-b11
# Java VM: Java HotSpot(TM) Client VM (23.3-b01 mixed mode windows-x86 )
Heap
 def new generation   total 31488K, used 20029K [0x04520000, 0x06740000, 0x0efc0000)
  eden space 28032K,  66% used [0x04520000, 0x057678b8, 0x06080000)
  from space 3456K,  37% used [0x06080000, 0x061c7b68, 0x063e0000)
  to   space 3456K,   0% used [0x063e0000, 0x063e0000, 0x06740000)
 tenured generation   total 69796K, used 42254K [0x0efc0000, 0x133e9000, 0x24520000)
   the space 69796K,  60% used [0x0efc0000, 0x119038e8, 0x11903a00, 0x133e9000)
 compacting perm gen  total 23296K, used 23182K [0x24520000, 0x25be0000, 0x28520000)
   the space 23296K,  99% used [0x24520000, 0x25bc3bf8, 0x25bc3c00, 0x25be0000)
GC Heap History (10 events):
Event: 11.406 GC heap before
{Heap before GC invocations=21 (full 4):
 def new generation   total 30592K, used 27200K [0x04520000, 0x06650000, 0x0efc0000)
  eden space 27200K, 100% used [0x04520000, 0x05fb0000, 0x05fb0000)
  from space 3392K,   0% used [0x05fb0000, 0x05fb0000, 0x06300000)
  to   space 3392K,   0% used [0x06300000, 0x06300000, 0x06650000)
 tenured generation   total 67920K, used 40750K [0x0efc0000, 0x13214000, 0x24520000)
   the space 67920K,  59% used [0x0efc0000, 0x1178bbb0, 0x1178bc00, 0x13214000)
 compacting perm gen  total 18688K, used 18478K [0x24520000, 0x25760000, 0x28520000)
   the space 18688K,  98% used [0x24520000, 0x2572b8a8, 0x2572ba00, 0x25760000)
No shared spaces configured.
Event: 11.413 GC heap after
Heap after GC invocations=22 (full 4):
 def new generation   total 30592K, used 2551K [0x04520000, 0x06650000, 0x0efc0000)
  eden space 27200K,   0% used [0x04520000, 0x04520000, 0x05fb0000)
  from space 3392K,  75% used [0x06300000, 0x0657dee8, 0x06650000)
  to   space 3392K,   0% used [0x05fb0000, 0x05fb0000, 0x06300000)
 tenured generation   total 67920K, used 40750K [0x0efc0000, 0x13214000, 0x24520000)
   the space 67920K,  59% used [0x0efc0000, 0x1178bbb0, 0x1178bc00, 0x13214000)
 compacting perm gen  total 18688K, used 18478K [0x24520000, 0x25760000, 0x28520000)
   the space 18688K,  98% used [0x24520000, 0x2572b8a8, 0x2572ba00, 0x25760000)
No shared spaces configured.
}
Event: 11.771 GC heap before
{Heap before GC invocations=22 (full 4):
 def new generation   total 30592K, used 29751K [0x04520000, 0x06650000, 0x0efc0000)
  eden space 27200K, 100% used [0x04520000, 0x05fb0000, 0x05fb0000)
  from space 3392K,  75% used [0x06300000, 0x0657dee8, 0x06650000)
  to   space 3392K,   0% used [0x05fb0000, 0x05fb0000, 0x06300000)
 tenured generation   total 67920K, used 40750K [0x0efc0000, 0x13214000, 0x24520000)
   the space 67920K,  59% used [0x0efc0000, 0x1178bbb0, 0x1178bc00, 0x13214000)
 compacting perm gen  total 20224K, used 20028K [0x24520000, 0x258e0000, 0x28520000)
   the space 20224K,  99% used [0x24520000, 0x258af3b0, 0x258af400, 0x258e0000)
No shared spaces configured.
Event: 11.779 GC heap after
Heap after GC invocations=23 (full 4):
 def new generation   total 30592K, used 2114K [0x04520000, 0x06650000, 0x0efc0000)
  eden space 27200K,   0% used [0x04520000, 0x04520000, 0x05fb0000)
  from space 3392K,  62% used [0x05fb0000, 0x061c0ad0, 0x06300000)
  to   space 3392K,   0% used [0x06300000, 0x06300000, 0x06650000)
 tenured generation   total 67920K, used 41126K [0x0efc0000, 0x13214000, 0x24520000)
   the space 67920K,  60% used [0x0efc0000, 0x117e9be0, 0x117e9c00, 0x13214000)
 compacting perm gen  total 20224K, used 20028K [0x24520000, 0x258e0000, 0x28520000)
   the space 20224K,  99% used [0x24520000, 0x258af3b0, 0x258af400, 0x258e0000)
No shared spaces configured.
}
Event: 11.981 GC heap before
{Heap before GC invocations=23 (full 4):
 def new generation   total 30592K, used 13387K [0x04520000, 0x06650000, 0x0efc0000)
  eden space 27200K,  41% used [0x04520000, 0x05022438, 0x05fb0000)
  from space 3392K,  62% used [0x05fb0000, 0x061c0ad0, 0x06300000)
  to   space 3392K,   0% used [0x06300000, 0x06300000, 0x06650000)
 tenured generation   total 67920K, used 41126K [0x0efc0000, 0x13214000, 0x24520000)
   the space 67920K,  60% used [0x0efc0000, 0x117e9be0, 0x117e9c00, 0x13214000)
 compacting perm gen  total 20480K, used 20479K [0x24520000, 0x25920000, 0x28520000)
   the space 20480K,  99% used [0x24520000, 0x2591fff8, 0x25920000, 0x25920000)
No shared spaces configured.
Event: 12.202 GC heap after
Heap after GC invocations=24 (full 5):
 def new generation   total 31488K, used 0K [0x04520000, 0x06740000, 0x0efc0000)
  eden space 28032K,   0% used [0x04520000, 0x04520000, 0x06080000)
  from space 3456K,   0% used [0x06080000, 0x06080000, 0x063e0000)
  to   space 3456K,   0% used [0x063e0000, 0x063e0000, 0x06740000)
 tenured generation   total 69796K, used 41876K [0x0efc0000, 0x133e9000, 0x24520000)
   the space 69796K,  59% used [0x0efc0000, 0x118a5030, 0x118a5200, 0x133e9000)
 compacting perm gen  total 20480K, used 20479K [0x24520000, 0x25920000, 0x28520000)
   the space 20480K,  99% used [0x24520000, 0x2591fff8, 0x25920000, 0x25920000)
No shared spaces configured.
}
Event: 290.559 GC heap before
{Heap before GC invocations=24 (full 5):
 def new generation   total 31488K, used 28032K [0x04520000, 0x06740000, 0x0efc0000)
  eden space 28032K, 100% used [0x04520000, 0x06080000, 0x06080000)
  from space 3456K,   0% used [0x06080000, 0x06080000, 0x063e0000)
  to   space 3456K,   0% used [0x063e0000, 0x063e0000, 0x06740000)
 tenured generation   total 69796K, used 41876K [0x0efc0000, 0x133e9000, 0x24520000)
   the space 69796K,  59% used [0x0efc0000, 0x118a5030, 0x118a5200, 0x133e9000)
 compacting perm gen  total 21760K, used 21733K [0x24520000, 0x25a60000, 0x28520000)
   the space 21760K,  99% used [0x24520000, 0x25a59508, 0x25a59600, 0x25a60000)
No shared spaces configured.
Event: 290.568 GC heap after
Heap after GC invocations=25 (full 5):
 def new generation   total 31488K, used 1851K [0x04520000, 0x06740000, 0x0efc0000)
  eden space 28032K,   0% used [0x04520000, 0x04520000, 0x06080000)
  from space 3456K,  53% used [0x063e0000, 0x065aee50, 0x06740000)
  to   space 3456K,   0% used [0x06080000, 0x06080000, 0x063e0000)
 tenured generation   total 69796K, used 41876K [0x0efc0000, 0x133e9000, 0x24520000)
   the space 69796K,  59% used [0x0efc0000, 0x118a5030, 0x118a5200, 0x133e9000)
 compacting perm gen  total 21760K, used 21733K [0x24520000, 0x25a60000, 0x28520000)
   the space 21760K,  99% used [0x24520000, 0x25a59508, 0x25a59600, 0x25a60000)
No shared spaces configured.
}
Event: 290.953 GC heap before
{Heap before GC invocations=25 (full 5):
 def new generation   total 31488K, used 29883K [0x04520000, 0x06740000, 0x0efc0000)
  eden space 28032K, 100% used [0x04520000, 0x06080000, 0x06080000)
  from space 3456K,  53% used [0x063e0000, 0x065aee50, 0x06740000)
  to   space 3456K,   0% used [0x06080000, 0x06080000, 0x063e0000)
 tenured generation   total 69796K, used 41876K [0x0efc0000, 0x133e9000, 0x24520000)
   the space 69796K,  59% used [0x0efc0000, 0x118a5030, 0x118a5200, 0x133e9000)
 compacting perm gen  total 22784K, used 22671K [0x24520000, 0x25b60000, 0x28520000)
   the space 22784K,  99% used [0x24520000, 0x25b43fa8, 0x25b44000, 0x25b60000)
No shared spaces configured.
Event: 290.958 GC heap after
Heap after GC invocations=26 (full 5):
 def new generation   total 31488K, used 1310K [0x04520000, 0x06740000, 0x0efc0000)
  eden space 28032K,   0% used [0x04520000, 0x04520000, 0x06080000)
  from space 3456K,  37% used [0x06080000, 0x061c7b68, 0x063e0000)
  to   space 3456K,   0% used [0x063e0000, 0x063e0000, 0x06740000)
 tenured generation   total 69796K, used 42254K [0x0efc0000, 0x133e9000, 0x24520000)
   the space 69796K,  60% used [0x0efc0000, 0x119038e8, 0x11903a00, 0x133e9000)
 compacting perm gen  total 22784K, used 22671K [0x24520000, 0x25b60000, 0x28520000)
   the space 22784K,  99% used [0x24520000, 0x25b43fa8, 0x25b44000, 0x25b60000)
No shared spaces configured.
}

